2023-02-23 11:55:08,352 [INFO] Activator:177 - 


2023-02-23 11:55:08,353 [INFO] Activator:178 - !SESSION log4j initialized
2023-02-23 11:55:08,533 [ERROR] LogOutputStream:74 - [STDERR_REDIRECT] SWT Webkit: Warning, You are using an old version of webkitgtk. (pre 2.4) BrowserFunction functionality will not be available
2023-02-23 11:55:08,534 [ERROR] LogOutputStream:74 - [STDERR_REDIRECT] SWT WebKit: error initializing DBus server, dBusServer == 0
2023-02-23 11:55:30,959 [INFO] McuFinderGlobals:44 - Set McuFinder mode to 2 (CubeIDE integrated)
2023-02-23 11:55:31,649 [INFO] ApplicationProperties:181 - Using Application install path: /opt/st/stm32cubeide_1.10.1_2/plugins/com.st.stm32cube.common.mx_6.6.1.202207061420
2023-02-23 11:55:31,717 [INFO] DbMcusXml:77 - Set database path to: /opt/st/stm32cubeide_1.10.1_2/plugins/com.st.stm32cube.common.mx_6.6.1.202207061420//db//mcu/
2023-02-23 11:55:31,718 [INFO] ApiDb:269 - Set plugin database path to: /opt/st/stm32cubeide_1.10.1_2/plugins/com.st.stm32cube.common.mx_6.6.1.202207061420//db//plugins/boardmanager/
2023-02-23 11:55:31,729 [WARN] ApiDb:254 - Overriding images path with different value:  => /opt/st/stm32cubeide_1.10.1_2/plugins/com.st.stm32cube.common.mx_6.6.1.202207061420//db//plugins/mcufinder/images/
2023-02-23 11:55:31,780 [INFO] ApiDb:249 - Set database path to: /home/daniel/.stmcufinder/plugins/mcufinder//mcu/
2023-02-23 11:55:31,785 [INFO] DbMcusAds:124 - Set database path to: /home/daniel/.stmcufinder/plugins/mcufinder//mcu/
2023-02-23 11:55:31,887 [INFO] CrossReferenceDbSqlite:201 - Set database path to: /home/daniel/.stmcufinder/plugins/mcufinder//mcu/cs/
2023-02-23 11:55:32,028 [INFO] RulesReader:61 - Compatibility file has been processed (282 Rules)
2023-02-23 11:55:32,150 [INFO] DbMcusXml:77 - Set database path to: /opt/st/stm32cubeide_1.10.1_2/plugins/com.st.stm32cube.common.mx_6.6.1.202207061420//db//mcu/
2023-02-23 11:55:32,151 [INFO] ApiDb:269 - Set plugin database path to: /opt/st/stm32cubeide_1.10.1_2/plugins/com.st.stm32cube.common.mx_6.6.1.202207061420//db//plugins/boardmanager/
2023-02-23 11:55:32,151 [INFO] ApiDb:256 - Set plugin images path to: /opt/st/stm32cubeide_1.10.1_2/plugins/com.st.stm32cube.common.mx_6.6.1.202207061420//db//plugins/mcufinder/images/
2023-02-23 11:55:32,151 [WARN] DbFile:40 - Overriding database path with different value: /home/daniel/.stmcufinder/plugins/mcufinder/ => /home/daniel/.stmcufinder/plugins/mcufinder
2023-02-23 11:55:32,151 [INFO] ApiDb:249 - Set database path to: /home/daniel/.stmcufinder/plugins/mcufinder//mcu/
2023-02-23 11:55:32,152 [WARN] DbFile:40 - Overriding database path with different value: /home/daniel/.stmcufinder/plugins/mcufinder/ => /home/daniel/.stmcufinder/plugins/mcufinder
2023-02-23 11:55:32,152 [INFO] DbMcusAds:124 - Set database path to: /home/daniel/.stmcufinder/plugins/mcufinder//mcu/
2023-02-23 11:55:32,153 [WARN] DbFile:40 - Overriding database path with different value: /home/daniel/.stmcufinder/plugins/mcufinder/ => /home/daniel/.stmcufinder/plugins/mcufinder
2023-02-23 11:55:32,153 [WARN] DbFile:40 - Overriding database path with different value: /home/daniel/.stmcufinder/plugins/mcufinder/ => /home/daniel/.stmcufinder/plugins/mcufinder
2023-02-23 11:55:32,153 [INFO] CrossReferenceDbSqlite:201 - Set database path to: /home/daniel/.stmcufinder/plugins/mcufinder//mcu/cs/
2023-02-23 11:55:32,365 [INFO] MainPanel:242 - HeapMemory: 268435456
2023-02-23 11:55:32,694 [INFO] DbMcusXml:77 - Set database path to: /opt/st/stm32cubeide_1.10.1_2/plugins/com.st.stm32cube.common.mx_6.6.1.202207061420//db//mcu/
2023-02-23 11:55:32,695 [INFO] ApiDb:269 - Set plugin database path to: /opt/st/stm32cubeide_1.10.1_2/plugins/com.st.stm32cube.common.mx_6.6.1.202207061420//db//plugins/boardmanager/
2023-02-23 11:55:32,696 [INFO] ApiDb:256 - Set plugin images path to: /opt/st/stm32cubeide_1.10.1_2/plugins/com.st.stm32cube.common.mx_6.6.1.202207061420//db//plugins/mcufinder/images/
2023-02-23 11:55:32,698 [WARN] DbFile:40 - Overriding database path with different value: /home/daniel/.stmcufinder/plugins/mcufinder/ => /home/daniel/.stmcufinder/plugins/mcufinder
2023-02-23 11:55:32,698 [INFO] ApiDb:249 - Set database path to: /home/daniel/.stmcufinder/plugins/mcufinder//mcu/
2023-02-23 11:55:32,699 [WARN] DbFile:40 - Overriding database path with different value: /home/daniel/.stmcufinder/plugins/mcufinder/ => /home/daniel/.stmcufinder/plugins/mcufinder
2023-02-23 11:55:32,699 [INFO] DbMcusAds:124 - Set database path to: /home/daniel/.stmcufinder/plugins/mcufinder//mcu/
2023-02-23 11:55:32,700 [WARN] DbFile:40 - Overriding database path with different value: /home/daniel/.stmcufinder/plugins/mcufinder/ => /home/daniel/.stmcufinder/plugins/mcufinder
2023-02-23 11:55:32,700 [WARN] DbFile:40 - Overriding database path with different value: /home/daniel/.stmcufinder/plugins/mcufinder/ => /home/daniel/.stmcufinder/plugins/mcufinder
2023-02-23 11:55:32,701 [INFO] CrossReferenceDbSqlite:201 - Set database path to: /home/daniel/.stmcufinder/plugins/mcufinder//mcu/cs/
2023-02-23 11:55:32,743 [INFO] ApplicationProperties:181 - Using Application install path: /opt/st/stm32cubeide_1.10.1_2/plugins/com.st.stm32cube.common.mx_6.6.1.202207061420
2023-02-23 11:55:32,745 [INFO] PluginManage:193 - Search for loadable plugins [exclusion list=, ]
2023-02-23 11:55:32,746 [INFO] PluginManage:307 - Check plugin analytics
2023-02-23 11:55:32,932 [INFO] AnalyticsPlugin:262 - Accepted Software Licenses: 
2023-02-23 11:55:32,932 [INFO] AnalyticsPlugin:264 - Accepted CMSIS Pack Licenses: 
2023-02-23 11:55:32,932 [INFO] AnalyticsPlugin:266 - Accepted Firmware Licenses: FW.F4.1.27.0
2023-02-23 11:55:32,939 [INFO] PluginManage:356 - Loaded plugin analytics (category:tool,tabindex:-1)
2023-02-23 11:55:32,940 [INFO] PluginManage:307 - Check plugin cadmodel
2023-02-23 11:55:32,952 [INFO] CADModel:65 - Init CAD model plugin
2023-02-23 11:55:32,952 [INFO] PluginManage:356 - Loaded plugin cadmodel (category:power,tabindex:5)
2023-02-23 11:55:32,952 [INFO] PluginManage:307 - Check plugin clock
2023-02-23 11:55:32,964 [INFO] PluginManage:356 - Loaded plugin clock (category:base,tabindex:2)
2023-02-23 11:55:32,964 [INFO] PluginManage:307 - Check plugin ddr
2023-02-23 11:55:32,967 [INFO] PluginManage:356 - Loaded plugin ddr (category:tool,tabindex:6)
2023-02-23 11:55:32,967 [INFO] PluginManage:307 - Check plugin filemanager
2023-02-23 11:55:33,416 [INFO] PluginManage:356 - Loaded plugin filemanager (category:base,tabindex:10)
2023-02-23 11:55:33,416 [INFO] PluginManage:307 - Check plugin ipmanager
2023-02-23 11:55:33,423 [INFO] PluginManage:356 - Loaded plugin ipmanager (category:base,tabindex:5)
2023-02-23 11:55:33,424 [INFO] PluginManage:307 - Check plugin lpbam
2023-02-23 11:55:33,448 [INFO] PluginManage:356 - Loaded plugin lpbam (category:base,tabindex:0)
2023-02-23 11:55:33,448 [INFO] PluginManage:307 - Check plugin pinoutandconfiguration
2023-02-23 11:55:33,470 [INFO] PluginManage:356 - Loaded plugin pinoutandconfiguration (category:base,tabindex:1)
2023-02-23 11:55:33,470 [INFO] PluginManage:307 - Check plugin pinoutconfig
2023-02-23 11:55:33,539 [INFO] PluginManage:356 - Loaded plugin pinoutconfig (category:base,tabindex:0)
2023-02-23 11:55:33,540 [INFO] PluginManage:307 - Check plugin power
2023-02-23 11:55:33,595 [INFO] PluginManage:356 - Loaded plugin power (category:power,tabindex:4)
2023-02-23 11:55:33,596 [INFO] PluginManage:307 - Check plugin projectmanager
2023-02-23 11:55:33,636 [INFO] PluginManage:356 - Loaded plugin projectmanager (category:projectmanager,tabindex:3)
2023-02-23 11:55:33,637 [INFO] PluginManage:307 - Check plugin thirdparty
2023-02-23 11:55:34,016 [WARN] IntegrityCheckThread:82 - waiting for thirdparty lock release [integrity check]
2023-02-23 11:55:34,017 [INFO] PluginManage:356 - Loaded plugin thirdparty (category:base,tabindex:-1)
2023-02-23 11:55:34,017 [INFO] IntegrityCheckThread:84 - entering critical section [integrity check]
2023-02-23 11:55:34,017 [INFO] PluginManage:307 - Check plugin tools
2023-02-23 11:55:34,020 [INFO] ThirdPartyUpdaterWithRetryManager:70 - Updater plugin not ready yet. [1/15]
2023-02-23 11:55:34,020 [INFO] PluginManage:356 - Loaded plugin tools (category:base,tabindex:7)
2023-02-23 11:55:34,020 [INFO] PluginManage:307 - Check plugin tutovideos
2023-02-23 11:55:34,381 [INFO] PluginManage:356 - Loaded plugin tutovideos (category:base,tabindex:-1)
2023-02-23 11:55:34,381 [INFO] PluginManage:307 - Check plugin updater
2023-02-23 11:55:34,437 [INFO] PluginManage:356 - Loaded plugin updater (category:base,tabindex:12)
2023-02-23 11:55:34,439 [INFO] PluginManage:280 - PluginManage : Loaded plugins [15]
2023-02-23 11:55:34,806 [INFO] PinOutPanel:1468 - setPackage(No Configuration,No Configuration)
2023-02-23 11:55:34,913 [INFO] CADModel:98 - CPN selected for project level
2023-02-23 11:55:34,922 [INFO] IPUIPlugin:79 - create IPUIPlugin
2023-02-23 11:55:34,922 [INFO] PluginManager:217 - loadIPPluginJar : add fatfs
2023-02-23 11:55:34,943 [INFO] IPUIPlugin:79 - create IPUIPlugin
2023-02-23 11:55:34,943 [INFO] PluginManager:217 - loadIPPluginJar : add spi
2023-02-23 11:55:34,947 [INFO] IPUIPlugin:79 - create IPUIPlugin
2023-02-23 11:55:34,948 [INFO] PluginManager:217 - loadIPPluginJar : add opamp
2023-02-23 11:55:34,950 [INFO] IPUIPlugin:79 - create IPUIPlugin
2023-02-23 11:55:34,950 [INFO] PluginManager:217 - loadIPPluginJar : add openamp
2023-02-23 11:55:34,952 [INFO] IPUIPlugin:79 - create IPUIPlugin
2023-02-23 11:55:34,952 [INFO] PluginManager:217 - loadIPPluginJar : add lorawan
2023-02-23 11:55:34,954 [INFO] IPUIPlugin:79 - create IPUIPlugin
2023-02-23 11:55:34,954 [INFO] PluginManager:217 - loadIPPluginJar : add can
2023-02-23 11:55:34,969 [INFO] IPUIPlugin:79 - create IPUIPlugin
2023-02-23 11:55:34,971 [INFO] PluginManager:217 - loadIPPluginJar : add plateformsettings
2023-02-23 11:55:34,972 [INFO] IPUIPlugin:79 - create IPUIPlugin
2023-02-23 11:55:34,973 [INFO] PluginManager:217 - loadIPPluginJar : add ucpd
2023-02-23 11:55:34,977 [INFO] IPUIPlugin:79 - create IPUIPlugin
2023-02-23 11:55:34,977 [INFO] PluginManager:217 - loadIPPluginJar : add fmc
2023-02-23 11:55:34,980 [INFO] IPUIPlugin:79 - create IPUIPlugin
2023-02-23 11:55:34,980 [INFO] PluginManager:217 - loadIPPluginJar : add gtzc
2023-02-23 11:55:34,983 [INFO] IPUIPlugin:79 - create IPUIPlugin
2023-02-23 11:55:34,983 [INFO] PluginManager:217 - loadIPPluginJar : add ipddr
2023-02-23 11:55:34,986 [INFO] IPUIPlugin:79 - create IPUIPlugin
2023-02-23 11:55:34,986 [INFO] PluginManager:217 - loadIPPluginJar : add sai
2023-02-23 11:55:34,989 [INFO] IPUIPlugin:79 - create IPUIPlugin
2023-02-23 11:55:34,989 [INFO] PluginManager:217 - loadIPPluginJar : add resmgrutility
2023-02-23 11:55:34,996 [INFO] IPUIPlugin:79 - create IPUIPlugin
2023-02-23 11:55:34,996 [INFO] PluginManager:217 - loadIPPluginJar : add linkedlist
2023-02-23 11:55:35,002 [INFO] IPUIPlugin:79 - create IPUIPlugin
2023-02-23 11:55:35,002 [INFO] PluginManager:217 - loadIPPluginJar : add adc
2023-02-23 11:55:35,013 [INFO] IPUIPlugin:79 - create IPUIPlugin
2023-02-23 11:55:35,014 [INFO] PluginManager:217 - loadIPPluginJar : add dma
2023-02-23 11:55:35,015 [INFO] IPUIPlugin:79 - create IPUIPlugin
2023-02-23 11:55:35,015 [INFO] PluginManager:217 - loadIPPluginJar : add genericplugin
2023-02-23 11:55:35,018 [INFO] IPUIPlugin:79 - create IPUIPlugin
2023-02-23 11:55:35,018 [INFO] PluginManager:217 - loadIPPluginJar : add i2c
2023-02-23 11:55:35,020 [INFO] IPUIPlugin:79 - create IPUIPlugin
2023-02-23 11:55:35,020 [INFO] PluginManager:217 - loadIPPluginJar : add ts
2023-02-23 11:55:35,021 [INFO] IPUIPlugin:79 - create IPUIPlugin
2023-02-23 11:55:35,022 [INFO] PluginManager:217 - loadIPPluginJar : add ltdc
2023-02-23 11:55:35,023 [INFO] IPUIPlugin:79 - create IPUIPlugin
2023-02-23 11:55:35,024 [INFO] PluginManager:217 - loadIPPluginJar : add hash
2023-02-23 11:55:35,026 [INFO] IPUIPlugin:79 - create IPUIPlugin
2023-02-23 11:55:35,026 [INFO] PluginManager:217 - loadIPPluginJar : add usart
2023-02-23 11:55:35,042 [INFO] IPUIPlugin:79 - create IPUIPlugin
2023-02-23 11:55:35,043 [INFO] PluginManager:217 - loadIPPluginJar : add gpio
2023-02-23 11:55:35,047 [INFO] IPUIPlugin:79 - create IPUIPlugin
2023-02-23 11:55:35,047 [INFO] PluginManager:217 - loadIPPluginJar : add stm32_wpan
2023-02-23 11:55:35,049 [INFO] IPUIPlugin:79 - create IPUIPlugin
2023-02-23 11:55:35,049 [INFO] PluginManager:217 - loadIPPluginJar : add aes
2023-02-23 11:55:35,051 [INFO] IPUIPlugin:79 - create IPUIPlugin
2023-02-23 11:55:35,051 [INFO] PluginManager:217 - loadIPPluginJar : add pdm2pcm
2023-02-23 11:55:35,053 [INFO] IPUIPlugin:79 - create IPUIPlugin
2023-02-23 11:55:35,053 [INFO] PluginManager:217 - loadIPPluginJar : add gfxmmu
2023-02-23 11:55:35,055 [INFO] IPUIPlugin:79 - create IPUIPlugin
2023-02-23 11:55:35,055 [INFO] PluginManager:217 - loadIPPluginJar : add dma3
2023-02-23 11:55:35,057 [INFO] IPUIPlugin:79 - create IPUIPlugin
2023-02-23 11:55:35,057 [INFO] PluginManager:217 - loadIPPluginJar : add usbx
2023-02-23 11:55:35,059 [INFO] IPUIPlugin:79 - create IPUIPlugin
2023-02-23 11:55:35,059 [INFO] PluginManager:217 - loadIPPluginJar : add tracer_emb
2023-02-23 11:55:35,062 [INFO] IPUIPlugin:79 - create IPUIPlugin
2023-02-23 11:55:35,062 [INFO] PluginManager:217 - loadIPPluginJar : add touchsensing
2023-02-23 11:55:35,063 [INFO] IPUIPlugin:79 - create IPUIPlugin
2023-02-23 11:55:35,064 [INFO] PluginManager:217 - loadIPPluginJar : add quadspi
2023-02-23 11:55:35,065 [INFO] IPUIPlugin:79 - create IPUIPlugin
2023-02-23 11:55:35,066 [INFO] PluginManager:217 - loadIPPluginJar : add i2s
2023-02-23 11:55:35,067 [INFO] IPUIPlugin:79 - create IPUIPlugin
2023-02-23 11:55:35,067 [INFO] PluginManager:217 - loadIPPluginJar : add tim
2023-02-23 11:55:35,069 [INFO] IPUIPlugin:79 - create IPUIPlugin
2023-02-23 11:55:35,070 [INFO] PluginManager:217 - loadIPPluginJar : add nvic
2023-02-23 11:55:35,071 [INFO] IPUIPlugin:79 - create IPUIPlugin
2023-02-23 11:55:35,071 [INFO] PluginManager:217 - loadIPPluginJar : add cryp
2023-02-23 11:55:35,072 [INFO] IPUIPlugin:79 - create IPUIPlugin
2023-02-23 11:55:35,073 [INFO] PluginManager:217 - loadIPPluginJar : add dfsdm
2023-02-23 11:55:35,076 [INFO] IPUIPlugin:79 - create IPUIPlugin
2023-02-23 11:55:35,076 [INFO] PluginManager:217 - loadIPPluginJar : add gic
2023-02-23 11:55:35,081 [INFO] IPUIPlugin:79 - create IPUIPlugin
2023-02-23 11:55:35,081 [INFO] PluginManager:217 - loadIPPluginJar : add mdma
2023-02-23 11:55:35,082 [INFO] IPUIPlugin:79 - create IPUIPlugin
2023-02-23 11:55:35,082 [INFO] PluginManager:217 - loadIPPluginJar : add comp
2023-02-23 11:55:35,104 [INFO] IPUIPlugin:79 - create IPUIPlugin
2023-02-23 11:55:35,104 [INFO] PluginManager:217 - loadIPPluginJar : add freertos
2023-02-23 11:55:35,105 [INFO] IPUIPlugin:79 - create IPUIPlugin
2023-02-23 11:55:35,106 [INFO] PluginManager:217 - loadIPPluginJar : add tsc
2023-02-23 11:55:35,566 [FATAL] Updater:301 - Updater called before beeing initialized
2023-02-23 11:55:35,694 [FATAL] Updater:301 - Updater called before beeing initialized
2023-02-23 11:55:35,700 [INFO] DbMcusAds:52 - JSON generation date=Tue Feb 21 09:58:20 COT 2023 (1676991500439)
2023-02-23 11:55:35,700 [FATAL] Updater:301 - Updater called before beeing initialized
2023-02-23 11:55:35,784 [WARN] DetailPanel:344 - Failed to get advertising image, set to default
2023-02-23 11:55:35,909 [FATAL] Updater:301 - Updater called before beeing initialized
2023-02-23 11:55:35,911 [FATAL] Updater:301 - Updater called before beeing initialized
2023-02-23 11:55:35,911 [FATAL] Updater:301 - Updater called before beeing initialized
2023-02-23 11:55:35,912 [WARN] DetailPanel:344 - Failed to get advertising image, set to default
2023-02-23 11:55:35,913 [FATAL] Updater:301 - Updater called before beeing initialized
2023-02-23 11:55:36,007 [ERROR] Updater:1105 - MainUpdater not yet initialized. External WinMGr cannot be set.
2023-02-23 11:55:36,009 [ERROR] LogOutputStream:74 - [STDERR_REDIRECT] SLF4J: Failed to load class "org.slf4j.impl.StaticLoggerBinder".
2023-02-23 11:55:36,011 [ERROR] LogOutputStream:74 - [STDERR_REDIRECT] SLF4J: Defaulting to no-operation (NOP) logger implementation
2023-02-23 11:55:36,013 [INFO] Updater:1041 - Updater Version found : 6.6.1
2023-02-23 11:55:36,014 [ERROR] LogOutputStream:74 - [STDERR_REDIRECT] SLF4J: See http://www.slf4j.org/codes.html#StaticLoggerBinder for further details.
2023-02-23 11:55:36,038 [INFO] ApplicationProperties:181 - Using Application install path: /opt/st/stm32cubeide_1.10.1_2/plugins/com.st.stm32cube.common.mx_6.6.1.202207061420
2023-02-23 11:55:36,883 [INFO] MainUpdater:2768 - connection check result : 10
2023-02-23 11:55:36,885 [INFO] MainUpdater:280 - Updater Check For Update Now.
2023-02-23 11:55:36,886 [INFO] MicroXplorer:481 - Change Database Version : DB.6.0.60
2023-02-23 11:55:37,022 [WARN] MainUpdater:1184 - Updater busy. Cannot search thirdparties
2023-02-23 11:55:37,023 [INFO] ThirdPartyUpdaterWithRetryManager:96 - Updater plugin is busy. [1/15]
2023-02-23 11:55:37,187 [INFO] CheckServerUpdateThread:119 - End of CheckServer Thread
2023-02-23 11:55:37,326 [INFO] MainUpdater:2768 - connection check result : 10
2023-02-23 11:55:37,973 [INFO] McuFinderGlobals:57 - Set McuFinderConnectedMode to true
2023-02-23 11:55:37,999 [INFO] MultiScanPanel:195 - Auto-refresh data requested => check proxy status ongoing
2023-02-23 11:55:38,010 [INFO] FinderPluginLoader:92 - Searching for filters in installed packs
2023-02-23 11:55:38,230 [INFO] ApiDb:576 - Connected to CubeFinder SQLite database (/home/daniel/.stmcufinder/plugins/mcufinder/mcu/cube-finder-db.db)
2023-02-23 11:55:38,290 [INFO] ApiDb:663 - CubeFinder database Data Model version=2.1
2023-02-23 11:55:38,290 [INFO] ApiDb:664 - CubeFinder database Configuration version=3.0.35
2023-02-23 11:55:38,290 [INFO] ApiDb:665 - CubeFinder database generation date=2023-02-02 (1675320190)
2023-02-23 11:55:38,290 [INFO] ApiDb:666 - CubeFinder database FW Pack versions=[FP-ATR-ASTRA1_V1.1.1, STM32Cube_FW_C0_V1.0.1, STM32Cube_FW_F4_V1.27.1, STM32Cube_FW_F7_V1.17.0, STM32Cube_FW_G0_V1.6.1, STM32Cube_FW_G4_V1.5.0, STM32Cube_FW_H5_V0.5.1, STM32Cube_FW_H7_V1.11.0, STM32Cube_FW_L5_V1.5.0, STM32Cube_FW_U5_V1.1.1, STM32Cube_FW_WBA_V0.2.0, STM32Cube_FW_WB_V1.15.0, STM32Cube_FW_WB_V1.15.0RC1, STM32Cube_FW_WL_V1.3.0, X-CUBE-ALGOBUILD_V1.3.0, X-CUBE-ALS_V1.0.1, X-CUBE-AZRTOS-F4_V1.1.0, X-CUBE-AZRTOS-F7_V1.1.0, X-CUBE-AZRTOS-G0_V1.1.0, X-CUBE-AZRTOS-G4_V1.0.0, X-CUBE-AZRTOS-H7_V3.0.0, X-CUBE-AZRTOS-L4_V1.0.0, X-CUBE-AZRTOS-L5_V1.1.0, X-CUBE-AZRTOS-WB_V1.1.0, X-CUBE-AZRTOS-WL_V1.0.0, X-CUBE-BLE1_V6.2.4, X-CUBE-BLE2_V3.3.0, X-CUBE-BLEMGR_V1.3.0, X-CUBE-EEPRMA1_V4.1.0, X-CUBE-GNSS1_V6.0.0, X-CUBE-MEMS1_V9.1.0, X-CUBE-MEMS1_V9.3.0, X-CUBE-MEMS1_V9.4.0, X-CUBE-NFC4_V3.0.0, X-CUBE-NFC7_V1.0.0, X-CUBE-SFXS2LP1_V4.0.0, X-CUBE-SUBG2_V5.0.0]
2023-02-23 11:55:40,348 [WARN] PackLoader:242 - Cannot read IP mode file for STMicroelectronics.X-CUBE-GNSS1.6.0.0
2023-02-23 11:55:40,409 [WARN] PackLoader:242 - Cannot read IP mode file for STMicroelectronics.X-CUBE-AZRTOS-F4.1.1.0
2023-02-23 11:55:40,469 [WARN] PackLoader:242 - Cannot read IP mode file for STMicroelectronics.X-CUBE-AZRTOS-F7.1.1.0
2023-02-23 11:55:40,490 [WARN] PackLoader:242 - Cannot read IP mode file for STMicroelectronics.X-CUBE-BLE1.6.2.4
2023-02-23 11:55:40,517 [WARN] PackLoader:242 - Cannot read IP mode file for emotas.I-CUBE-CANOPEN.1.1.3
2023-02-23 11:55:40,540 [WARN] PackLoader:242 - Cannot read IP mode file for STMicroelectronics.X-CUBE-DISPLAY.3.0.0
2023-02-23 11:55:40,563 [WARN] PackLoader:242 - Cannot read IP mode file for wolfSSL.I-CUBE-wolfSSL.5.5.4
2023-02-23 11:55:40,568 [WARN] PackLoader:242 - Cannot read IP mode file for STMicroelectronics.X-CUBE-NFC7.1.0.0
2023-02-23 11:55:40,576 [WARN] PackLoader:242 - Cannot read IP mode file for STMicroelectronics.X-CUBE-EEPRMA1.4.1.0
2023-02-23 11:55:40,586 [WARN] PackLoader:242 - Cannot read IP mode file for STMicroelectronics.X-CUBE-SFXS2LP1.4.0.0
2023-02-23 11:55:40,594 [WARN] PackLoader:242 - Cannot read IP mode file for STMicroelectronics.X-CUBE-BLE2.3.3.0
2023-02-23 11:55:40,620 [WARN] PackLoader:242 - Cannot read IP mode file for STMicroelectronics.X-CUBE-TOF1.3.2.0
2023-02-23 11:55:40,668 [WARN] PackLoader:242 - Cannot read IP mode file for STMicroelectronics.X-CUBE-AZRTOS-H7.3.0.0
2023-02-23 11:55:40,697 [WARN] PackLoader:242 - Cannot read IP mode file for STMicroelectronics.X-CUBE-ISPU.1.1.0
2023-02-23 11:55:40,709 [INFO] ApiDb:239 - Found 138 in-development CPN: [B-WB1M-WPAN1, NUCLEO-C031C6, STEVAL-STWINBX1, STM320518-EVAL, STM32C0116-DK, STM32C011D6Y3TR, STM32C011D6Y6TR, STM32C011F4P3, STM32C011F4P6, STM32C011F4U3, STM32C011F4U6TR, STM32C011F6P3, STM32C011F6P6, STM32C011F6U3, STM32C011F6U6TR, STM32C011J4M3, STM32C011J4M6, STM32C011J6M3, STM32C011J6M6, STM32C0316-DK, STM32C031C4T3, STM32C031C4T6, STM32C031C4U3, STM32C031C4U6, STM32C031C6T3, STM32C031C6T6, STM32C031C6U3, STM32C031C6U6, STM32C031F4P3, STM32C031F4P6, STM32C031F6P3, STM32C031F6P6, STM32C031G4U3, STM32C031G4U6, STM32C031G6U3, STM32C031G6U6, STM32C031K4T3, STM32C031K4T6, STM32C031K4U3, STM32C031K4U6, STM32C031K6T3, STM32C031K6T6, STM32C031K6U3, STM32C031K6U6, STM32G071K8TXN, STM32G071K8UXN, STM32G081GBU6N, STM32G081KBT6N, STM32G081KBUXN, STM32G0B1CCT6N, STM32G0B1KCT6, STM32G0B1NEY6TR, STM32G0B1RCT6N, STM32G0C1CCT6, STM32G0C1CCT6N, STM32G0C1CCU6N, STM32G0C1CET6N, STM32G0C1CEU6N, STM32G0C1KCT6, STM32G0C1NEY6TR, STM32G0C1RCI6N, STM32G0C1RCT6N, STM32G0C1REI6N, STM32G0C1RET6N, STM32G0C1VCI6, STM32G0C1VEI6, STM32G471CCT6, STM32G471CCU6, STM32G471CET3, STM32G471CET6, STM32G471CEU3, STM32G471CEU6, STM32G471MCT6, STM32G471MET3, STM32G471MET6, STM32G471MEY6TR, STM32G471QCT6, STM32G471QET3, STM32G471RCT6, STM32G471RET3, STM32G471RET6, STM32G471VCH6, STM32G471VCI6, STM32G471VCT6, STM32G471VEH3, STM32G471VEH6, STM32G471VEI3, STM32G471VEI6, STM32G471VET3, STM32G471VET6, STM32G474CCT6, STM32L476VGY6PTR, STM32L4R5QGI6STR, STM32MP131AAE3, STM32MP131AAF3, STM32MP131AAG3, STM32MP131CAE3, STM32MP131CAF3, STM32MP131CAG3, STM32MP131DAE7, STM32MP131DAF7, STM32MP131DAG7, STM32MP131FAE7, STM32MP131FAF7, STM32MP131FAG7, STM32MP133AAE3, STM32MP133AAF3, STM32MP133AAG3, STM32MP133CAE3, STM32MP133CAF3, STM32MP133CAG3, STM32MP133DAE7, STM32MP133DAF7, STM32MP133DAG7, STM32MP133FAE7, STM32MP133FAF7, STM32MP133FAG7, STM32MP135AAE3, STM32MP135AAF3, STM32MP135AAG3, STM32MP135CAE3, STM32MP135CAF3, STM32MP135CAG3, STM32MP135DAE7, STM32MP135DAF7, STM32MP135DAG7, STM32MP135F-DK, STM32MP135FAE7, STM32MP135FAF7, STM32MP135FAG7, STM32U595ZJT6Q, STM32U599BJY6QTR, STM32U599NIH6Q, STM32U599NJH6Q, STM32U5A5ZJT6Q, STM32U5A9BJY6QTR, STM32U5A9NJH6Q, STM32WB1MMCH6]
2023-02-23 11:55:40,715 [INFO] DbMcus:215 - Found 3580 MCUs, 3580 are supported
2023-02-23 11:55:40,717 [INFO] ApiDb:418 - Load user favorites file /home/daniel/.stm32cubeide/favorites.mcus.txt: 0 item(s)
2023-02-23 11:55:40,718 [INFO] ApiDb:422 - User favorites MCUs=[]
2023-02-23 11:55:40,718 [INFO] DbMcus:221 - Set 0 / 0 favorites MCUs
2023-02-23 11:55:40,736 [WARN] PackLoader:242 - Cannot read IP mode file for RoweBots.I-CUBE-UNISONRTOS.5.5.0-4
2023-02-23 11:55:40,741 [WARN] PackLoader:242 - Cannot read IP mode file for STMicroelectronics.X-CUBE-AI.8.0.0
2023-02-23 11:55:40,784 [WARN] PackLoader:242 - Cannot read IP mode file for STMicroelectronics.X-CUBE-TOUCHGFX.4.21.1
2023-02-23 11:55:40,801 [WARN] PackLoader:242 - Cannot read IP mode file for STMicroelectronics.X-CUBE-ALGOBUILD.1.3.0
2023-02-23 11:55:40,836 [WARN] PackLoader:242 - Cannot read IP mode file for STMicroelectronics.X-CUBE-AZRTOS-L5.1.1.0
2023-02-23 11:55:40,856 [WARN] PackLoader:242 - Cannot read IP mode file for STMicroelectronics.X-CUBE-AZRTOS-G0.1.1.0
2023-02-23 11:55:40,877 [WARN] PackLoader:242 - Cannot read IP mode file for STMicroelectronics.X-CUBE-SUBG2.5.0.0
2023-02-23 11:55:40,890 [WARN] PackLoader:242 - Cannot read IP mode file for STMicroelectronics.X-CUBE-NFC4.3.0.0
2023-02-23 11:55:40,908 [WARN] PackLoader:242 - Cannot read IP mode file for STMicroelectronics.FP-ATR-ASTRA1.1.1.1
2023-02-23 11:55:40,917 [WARN] PackLoader:242 - Cannot read IP mode file for STMicroelectronics.X-CUBE-BLEMGR.1.3.0
2023-02-23 11:55:40,954 [WARN] PackLoader:242 - Cannot read IP mode file for STMicroelectronics.X-CUBE-AZRTOS-G4.1.0.0
2023-02-23 11:55:40,960 [WARN] PackLoader:242 - Cannot read IP mode file for STMicroelectronics.FP-ATR-SIGFOX1.3.2.0
2023-02-23 11:55:41,029 [WARN] PackLoader:242 - Cannot read IP mode file for STMicroelectronics.X-CUBE-AZRTOS-L4.1.0.0
2023-02-23 11:55:41,075 [WARN] PackLoader:242 - Cannot read IP mode file for STMicroelectronics.X-CUBE-AZRTOS-WL.1.0.0
2023-02-23 11:55:41,087 [WARN] PackLoader:242 - Cannot read IP mode file for portGmbH.I-Cube-SoM-uGOAL.1.1.0
2023-02-23 11:55:41,112 [WARN] PackLoader:242 - Cannot read IP mode file for STMicroelectronics.X-CUBE-ALS.1.0.1
2023-02-23 11:55:41,167 [WARN] PackLoader:242 - Cannot read IP mode file for STMicroelectronics.X-CUBE-MEMS1.9.5.0
2023-02-23 11:55:41,416 [WARN] PackLoader:242 - Cannot read IP mode file for STMicroelectronics.X-CUBE-AZRTOS-WB.1.1.0
2023-02-23 11:55:41,479 [WARN] PackLoader:242 - Cannot read IP mode file for SEGGER.I-CUBE-embOS.1.3.1
2023-02-23 11:55:41,554 [INFO] ThirdParty:929 - Integrity check success = true
2023-02-23 11:55:41,555 [INFO] IntegrityCheckThread:98 - exiting critical section [integrity check]
2023-02-23 11:55:41,555 [INFO] IntegrityCheckThread:101 - End integrity checks thread
2023-02-23 11:55:42,451 [INFO] LoadUrlFilesThread:177 - End of LoadServerUrlFiles without Thread
2023-02-23 11:55:42,498 [INFO] DetailPanel:339 - Set advertising image to /home/daniel/STM32Cube/Repository//en.prom-stm32u5-0223.jpg
2023-02-23 11:55:43,207 [INFO] MultiScanPanel:778 - Auto Refresh Data is not needed
2023-02-23 11:55:43,215 [INFO] ApiDb:663 - CubeFinder database Data Model version=2.1
2023-02-23 11:55:43,215 [INFO] ApiDb:664 - CubeFinder database Configuration version=3.0.35
2023-02-23 11:55:43,216 [INFO] ApiDb:665 - CubeFinder database generation date=2023-02-02 (1675320190)
2023-02-23 11:55:43,216 [INFO] ApiDb:666 - CubeFinder database FW Pack versions=[FP-ATR-ASTRA1_V1.1.1, STM32Cube_FW_C0_V1.0.1, STM32Cube_FW_F4_V1.27.1, STM32Cube_FW_F7_V1.17.0, STM32Cube_FW_G0_V1.6.1, STM32Cube_FW_G4_V1.5.0, STM32Cube_FW_H5_V0.5.1, STM32Cube_FW_H7_V1.11.0, STM32Cube_FW_L5_V1.5.0, STM32Cube_FW_U5_V1.1.1, STM32Cube_FW_WBA_V0.2.0, STM32Cube_FW_WB_V1.15.0, STM32Cube_FW_WB_V1.15.0RC1, STM32Cube_FW_WL_V1.3.0, X-CUBE-ALGOBUILD_V1.3.0, X-CUBE-ALS_V1.0.1, X-CUBE-AZRTOS-F4_V1.1.0, X-CUBE-AZRTOS-F7_V1.1.0, X-CUBE-AZRTOS-G0_V1.1.0, X-CUBE-AZRTOS-G4_V1.0.0, X-CUBE-AZRTOS-H7_V3.0.0, X-CUBE-AZRTOS-L4_V1.0.0, X-CUBE-AZRTOS-L5_V1.1.0, X-CUBE-AZRTOS-WB_V1.1.0, X-CUBE-AZRTOS-WL_V1.0.0, X-CUBE-BLE1_V6.2.4, X-CUBE-BLE2_V3.3.0, X-CUBE-BLEMGR_V1.3.0, X-CUBE-EEPRMA1_V4.1.0, X-CUBE-GNSS1_V6.0.0, X-CUBE-MEMS1_V9.1.0, X-CUBE-MEMS1_V9.3.0, X-CUBE-MEMS1_V9.4.0, X-CUBE-NFC4_V3.0.0, X-CUBE-NFC7_V1.0.0, X-CUBE-SFXS2LP1_V4.0.0, X-CUBE-SUBG2_V5.0.0]
2023-02-23 11:55:43,392 [INFO] DbBoardsSqlite:227 - include board P-NUCLEO-WB55-NUCLEO as a kit item of type 'Nucleo-64'
2023-02-23 11:55:43,392 [INFO] DbBoardsSqlite:227 - include board P-NUCLEO-WB55-USBDONGLE as a kit item of type 'Nucleo USB Dongle'
2023-02-23 11:55:43,392 [INFO] DbBoardsSqlite:227 - include board STEVAL-IDP005V1 as a kit item of type 'Evaluation Board'
2023-02-23 11:55:43,393 [INFO] DbBoardsSqlite:227 - include board STEVAL-IDP005V2 as a kit item of type 'Evaluation Board'
2023-02-23 11:55:43,420 [INFO] ApiDb:239 - Found 138 in-development CPN: [B-WB1M-WPAN1, NUCLEO-C031C6, STEVAL-STWINBX1, STM320518-EVAL, STM32C0116-DK, STM32C011D6Y3TR, STM32C011D6Y6TR, STM32C011F4P3, STM32C011F4P6, STM32C011F4U3, STM32C011F4U6TR, STM32C011F6P3, STM32C011F6P6, STM32C011F6U3, STM32C011F6U6TR, STM32C011J4M3, STM32C011J4M6, STM32C011J6M3, STM32C011J6M6, STM32C0316-DK, STM32C031C4T3, STM32C031C4T6, STM32C031C4U3, STM32C031C4U6, STM32C031C6T3, STM32C031C6T6, STM32C031C6U3, STM32C031C6U6, STM32C031F4P3, STM32C031F4P6, STM32C031F6P3, STM32C031F6P6, STM32C031G4U3, STM32C031G4U6, STM32C031G6U3, STM32C031G6U6, STM32C031K4T3, STM32C031K4T6, STM32C031K4U3, STM32C031K4U6, STM32C031K6T3, STM32C031K6T6, STM32C031K6U3, STM32C031K6U6, STM32G071K8TXN, STM32G071K8UXN, STM32G081GBU6N, STM32G081KBT6N, STM32G081KBUXN, STM32G0B1CCT6N, STM32G0B1KCT6, STM32G0B1NEY6TR, STM32G0B1RCT6N, STM32G0C1CCT6, STM32G0C1CCT6N, STM32G0C1CCU6N, STM32G0C1CET6N, STM32G0C1CEU6N, STM32G0C1KCT6, STM32G0C1NEY6TR, STM32G0C1RCI6N, STM32G0C1RCT6N, STM32G0C1REI6N, STM32G0C1RET6N, STM32G0C1VCI6, STM32G0C1VEI6, STM32G471CCT6, STM32G471CCU6, STM32G471CET3, STM32G471CET6, STM32G471CEU3, STM32G471CEU6, STM32G471MCT6, STM32G471MET3, STM32G471MET6, STM32G471MEY6TR, STM32G471QCT6, STM32G471QET3, STM32G471RCT6, STM32G471RET3, STM32G471RET6, STM32G471VCH6, STM32G471VCI6, STM32G471VCT6, STM32G471VEH3, STM32G471VEH6, STM32G471VEI3, STM32G471VEI6, STM32G471VET3, STM32G471VET6, STM32G474CCT6, STM32L476VGY6PTR, STM32L4R5QGI6STR, STM32MP131AAE3, STM32MP131AAF3, STM32MP131AAG3, STM32MP131CAE3, STM32MP131CAF3, STM32MP131CAG3, STM32MP131DAE7, STM32MP131DAF7, STM32MP131DAG7, STM32MP131FAE7, STM32MP131FAF7, STM32MP131FAG7, STM32MP133AAE3, STM32MP133AAF3, STM32MP133AAG3, STM32MP133CAE3, STM32MP133CAF3, STM32MP133CAG3, STM32MP133DAE7, STM32MP133DAF7, STM32MP133DAG7, STM32MP133FAE7, STM32MP133FAF7, STM32MP133FAG7, STM32MP135AAE3, STM32MP135AAF3, STM32MP135AAG3, STM32MP135CAE3, STM32MP135CAF3, STM32MP135CAG3, STM32MP135DAE7, STM32MP135DAF7, STM32MP135DAG7, STM32MP135F-DK, STM32MP135FAE7, STM32MP135FAF7, STM32MP135FAG7, STM32U595ZJT6Q, STM32U599BJY6QTR, STM32U599NIH6Q, STM32U599NJH6Q, STM32U5A5ZJT6Q, STM32U5A9BJY6QTR, STM32U5A9NJH6Q, STM32WB1MMCH6]
2023-02-23 11:55:43,531 [INFO] BoardInfo:879 - No configuration file found for board P-NUCLEO-WB55
2023-02-23 11:55:43,531 [INFO] DbBoards:156 - Kit is not supported: P-NUCLEO-WB55
2023-02-23 11:55:43,537 [INFO] BoardInfo:879 - No configuration file found for board STEVAL-BFA001V1B
2023-02-23 11:55:43,537 [INFO] DbBoards:156 - Kit is not supported: STEVAL-BFA001V1B
2023-02-23 11:55:43,539 [INFO] BoardInfo:879 - No configuration file found for board STEVAL-BFA001V2B
2023-02-23 11:55:43,539 [INFO] DbBoards:156 - Kit is not supported: STEVAL-BFA001V2B
2023-02-23 11:55:43,546 [INFO] BoardInfo:879 - No configuration file found for board STEVAL-PROTEUS1
2023-02-23 11:55:43,546 [INFO] DbBoards:156 - Board is not supported: STEVAL-PROTEUS1
2023-02-23 11:55:43,686 [INFO] DbBoards:160 - Found 178 boards, 174 are supported
2023-02-23 11:55:43,693 [INFO] ApiDb:418 - Load user favorites file /home/daniel/.stm32cubeide/favorites.boards.txt: 1 item(s)
2023-02-23 11:55:43,693 [INFO] ApiDb:422 - User favorites Boards=[NUCLEO-F411RE]
2023-02-23 11:55:43,693 [INFO] DbBoards:189 - Set 1 / 1 favorites Boards
2023-02-23 11:55:47,947 [INFO] MultiScanPanel:195 - Auto-refresh data requested => check proxy status ongoing
2023-02-23 11:55:48,292 [INFO] LoadUrlFilesThread:177 - End of LoadServerUrlFiles without Thread
2023-02-23 11:55:48,292 [INFO] DetailPanel:339 - Set advertising image to /home/daniel/STM32Cube/Repository//en.prom-stm32u5-0223.jpg
2023-02-23 11:55:48,303 [INFO] DbBoards:628 - Loading board mini-images...
2023-02-23 11:55:48,488 [ERROR] DbBoards:648 - No image file defined for board B-WB1M-WPAN1
2023-02-23 11:55:48,488 [ERROR] DbBoards:648 - No image file defined for board NUCLEO-C031C6
2023-02-23 11:55:49,776 [ERROR] DbBoards:645 - Image file not found for board STEVAL-PROTEUS1: /opt/st/stm32cubeide_1.10.1_2/plugins/com.st.stm32cube.common.mx_6.6.1.202207061420//db//plugins/mcufinder/images/boards/steval-proteus1_image.jpg
2023-02-23 11:55:49,777 [ERROR] DbBoards:648 - No image file defined for board STEVAL-STWINBX1
2023-02-23 11:55:49,812 [ERROR] DbBoards:645 - Image file not found for board STM320518-EVAL: /opt/st/stm32cubeide_1.10.1_2/plugins/com.st.stm32cube.common.mx_6.6.1.202207061420//db//plugins/mcufinder/images/boards/stm320518-eval.jpg
2023-02-23 11:55:49,817 [ERROR] DbBoards:648 - No image file defined for board STM32091C-EVAL
2023-02-23 11:55:49,817 [ERROR] DbBoards:648 - No image file defined for board STM32100E-EVAL
2023-02-23 11:55:49,817 [ERROR] DbBoards:648 - No image file defined for board STM3210C-EVAL
2023-02-23 11:55:49,826 [ERROR] DbBoards:648 - No image file defined for board STM3221G-EVAL
2023-02-23 11:55:49,826 [ERROR] DbBoards:648 - No image file defined for board STM32303C-EVAL
2023-02-23 11:55:49,889 [ERROR] DbBoards:648 - No image file defined for board STM32479I-EVAL
2023-02-23 11:55:49,889 [ERROR] DbBoards:648 - No image file defined for board STM32746G-EVAL2
2023-02-23 11:55:49,894 [ERROR] DbBoards:648 - No image file defined for board STM32C0116-DK
2023-02-23 11:55:49,894 [ERROR] DbBoards:648 - No image file defined for board STM32C0316-DK
2023-02-23 11:55:49,914 [ERROR] DbBoards:648 - No image file defined for board STM32F401C-DISCO
2023-02-23 11:55:49,956 [ERROR] DbBoards:648 - No image file defined for board STM32F7308-DK
2023-02-23 11:55:49,989 [ERROR] DbBoards:648 - No image file defined for board STM32F779I-EVAL
2023-02-23 11:55:50,049 [ERROR] DbBoards:648 - No image file defined for board STM32G474E-EVAL1
2023-02-23 11:55:50,108 [ERROR] DbBoards:648 - No image file defined for board STM32H747I-EVAL
2023-02-23 11:55:50,138 [ERROR] DbBoards:648 - No image file defined for board STM32L-DISCOVERY
2023-02-23 11:55:50,166 [ERROR] DbBoards:648 - No image file defined for board STM32L152D-EVAL
2023-02-23 11:55:50,273 [ERROR] DbBoards:648 - No image file defined for board STM32MP135F-DK
2023-02-23 11:55:50,415 [INFO] DbBoards:651 - Loaded 156 board mini-images
2023-02-23 11:55:50,473 [INFO] MultiScanPanel:778 - Auto Refresh Data is not needed
2023-02-23 11:56:16,452 [INFO] McuFinderGlobals:57 - Set McuFinderConnectedMode to true
2023-02-23 11:56:17,942 [INFO] ApiDb:443 - Save user favorites file /home/daniel/.stm32cubeide/favorites.mcus.txt: 0 item(s)
2023-02-23 11:56:17,943 [INFO] ApiDb:447 - User favorites MCUs=[]
2023-02-23 11:56:17,945 [INFO] ApiDb:443 - Save user favorites file /home/daniel/.stm32cubeide/favorites.boards.txt: 1 item(s)
2023-02-23 11:56:17,945 [INFO] ApiDb:447 - User favorites Boards=[NUCLEO-F411RE]
2023-02-23 11:57:22,522 [INFO] MainUpdater:2768 - connection check result : 10
2023-02-23 11:57:22,862 [INFO] McuFinderGlobals:57 - Set McuFinderConnectedMode to true
2023-02-23 11:57:22,863 [INFO] MultiScanPanel:195 - Auto-refresh data requested => check proxy status ongoing
2023-02-23 11:57:22,864 [INFO] FinderPluginLoader:92 - Searching for filters in installed packs
2023-02-23 11:57:23,902 [INFO] LoadUrlFilesThread:177 - End of LoadServerUrlFiles without Thread
2023-02-23 11:57:23,902 [INFO] DetailPanel:339 - Set advertising image to /home/daniel/STM32Cube/Repository//en.prom-stm32u5-0223.jpg
2023-02-23 11:57:24,502 [INFO] MultiScanPanel:778 - Auto Refresh Data is not needed
2023-02-23 11:57:26,212 [INFO] MultiScanPanel:195 - Auto-refresh data requested => check proxy status ongoing
2023-02-23 11:57:26,284 [INFO] LoadUrlFilesThread:177 - End of LoadServerUrlFiles without Thread
2023-02-23 11:57:26,284 [INFO] DetailPanel:339 - Set advertising image to /home/daniel/STM32Cube/Repository//en.prom-stm32u5-0223.jpg
2023-02-23 11:57:26,319 [INFO] MultiScanPanel:778 - Auto Refresh Data is not needed
2023-02-23 11:58:01,123 [INFO] McuFinderGlobals:57 - Set McuFinderConnectedMode to true
2023-02-23 11:58:01,123 [INFO] ApiDb:443 - Save user favorites file /home/daniel/.stm32cubeide/favorites.mcus.txt: 0 item(s)
2023-02-23 11:58:01,124 [INFO] ApiDb:447 - User favorites MCUs=[]
2023-02-23 11:58:01,124 [INFO] ApiDb:443 - Save user favorites file /home/daniel/.stm32cubeide/favorites.boards.txt: 1 item(s)
2023-02-23 11:58:01,124 [INFO] ApiDb:447 - User favorites Boards=[NUCLEO-F411RE]
